<?xml version="1.0" encoding="UTF-8"?>
<!-- Generated by org.testng.reporters.JUnitReportReporter -->
<testsuite hostname="Kishorekumarkuppuswamy-mac.local" failures="0" tests="2" name="com.mitigram.tests.CareersTests" time="16.308" errors="0" timestamp="24 May 2021 08:29:41 GMT" skipped="0">
  <testcase classname="com.mitigram.tests.CareersTests" name="verifyErrorValidaitonForm" time="7.612"/>
  <testcase classname="com.mitigram.tests.CareersTests" name="verifyUploadresume" time="8.696"/>
</testsuite> <!-- com.mitigram.tests.CareersTests -->
