<?xml version="1.0" encoding="UTF-8"?>
<!-- Generated by org.testng.reporters.JUnitReportReporter -->
<testsuite hostname="Kishorekumarkuppuswamy-mac.local" failures="0" tests="3" name="com.mitigram.tests.LoginTests" time="19.127" errors="0" timestamp="24 May 2021 08:29:41 GMT" skipped="0">
  <testcase classname="com.mitigram.tests.LoginTests" name="loginValidation" time="6.527"/>
  <testcase classname="com.mitigram.tests.LoginTests" name="verifyForgotPasswordRedirection" time="6.478"/>
  <testcase classname="com.mitigram.tests.LoginTests" name="verifyContactUsLinkRedirection" time="6.122"/>
</testsuite> <!-- com.mitigram.tests.LoginTests -->
